Scanning for 20458059
Total additional time from lrgemcpwd_workdepot_3n 8139
Total additional time from lrgemcpsm_serv_mgr_3n 8156
Total additional time from lrgemcapms_synthetic_3n 661105
Total additional time from lrgemcos_stage_end2end_3n 109626
SKIPPING as /net/slcnas552/export/farm_base_results/EMDICSI_MASTER_LINUX.X64_170718.091041/lrgemctas_uisrg_3n/firefox/45.9.0 does not exist.
SKIPPING as /net/slcnas552/export/farm_base_results/EMDICSI_MASTER_LINUX.X64_170718.091041/.sonar/firefox/45.9.0 does not exist.
Total additional time from lrgemcpsf_auth_3n 8213
Total additional time from lrgemaas_client_security_3n 8209
SKIPPING as /net/slcnas552/export/farm_base_results/EMDICSI_MASTER_LINUX.X64_170718.091041/lrgemcsas_srg_1n/firefox/45.9.0 does not exist.
Total additional time from lrgemcpdm_uds_3n 8131
Total additional time from lrgemcitats_dataval_3n 0
SKIPPING as /net/slcnas552/export/farm_base_results/EMDICSI_MASTER_LINUX.X64_170718.091041/lrgemclas_end2end_3n/firefox/45.9.0 does not exist.
Total additional time from lrgemcbdas_platformclient_3n 8163
Total additional time from lrgemaas_small_upgrade_3n 316064
Total additional time from lrgemdist_ha_upgrade_6n 32661
SKIPPING as /net/slcnas552/export/farm_base_results/EMDICSI_MASTER_LINUX.X64_170718.091041/lrgemcms_uitest_upg_3n/firefox/45.9.0 does not exist.
SKIPPING as /net/slcnas552/export/farm_base_results/EMDICSI_MASTER_LINUX.X64_170718.091041/lrgemctas_sharedcomp_3n/firefox/45.9.0 does not exist.
SKIPPING as /net/slcnas552/export/farm_base_results/EMDICSI_MASTER_LINUX.X64_170718.091041/lrgemcpdm_externalapi_s_3n/firefox/45.9.0 does not exist.
Total additional time from lrgemcpevms_rest_services_3n 8194
SKIPPING as /net/slcnas552/export/farm_base_results/EMDICSI_MASTER_LINUX.X64_170718.091041/lrgemaas_clcm_updateall_4n/firefox/45.9.0 does not exist.
Total additional time from lrgemcpdf_allsrg_3n 669663
SKIPPING as /net/slcnas552/export/farm_base_results/EMDICSI_MASTER_LINUX.X64_170718.091041/lrgemcplcm_goldimage_6n/firefox/45.9.0 does not exist.
Total additional time from lrgemaas_small_agent_3n 248773
Total additional time from lrgemcapms_upgrade_sanity_3n 185315
Total additional time from lrgemaas_system_monitor_4n 49563
Total additional time from lrgemaas_clcm_chainupgrade_3n 261073
SKIPPING as /net/slcnas552/export/farm_base_results/EMDICSI_MASTER_LINUX.X64_170718.091041/lrgemcsas_e2e_upg_3n/firefox/45.9.0 does not exist.
Total additional time from lrgemcapms_ui_integ_3n 727269
Total additional time from lrgemaas_clcm_zdt_6n 268764
SKIPPING as /net/slcnas552/export/farm_base_results/EMDICSI_MASTER_LINUX.X64_170718.091041/lrgemclas_upgrade_3n/firefox/45.9.0 does not exist.
SKIPPING as /net/slcnas552/export/farm_base_results/EMDICSI_MASTER_LINUX.X64_170718.091041/lrgemcpsrvs_tenant_mgmt_3n/firefox/45.9.0 does not exist.
Total additional time from lrgemaas_custom_deploy_5n 266099
SKIPPING as /net/slcnas552/export/farm_base_results/EMDICSI_MASTER_LINUX.X64_170718.091041/psr/firefox/45.9.0 does not exist.
Total additional time from lrgemcitats_allsrg_3n 2059678
Total additional time from lrgemaas_datapipeline_3n 8150
Total additional time from lrgemcplcm_apigateway_4n 279911
Total additional time from lrgemcpssf_test_3n 8177
Total additional time from lrgemaas_itcs_assessments_3n 138895
Total additional time from lrgemcpdf_test_3n 7779523
Total additional time from lrgemcapms_ui_webdriver_3n 640857
SKIPPING as /net/slcnas552/export/farm_base_results/EMDICSI_MASTER_LINUX.X64_170718.091041/lrgemcpdm_freshinstall_s_3n/firefox/45.9.0 does not exist.
Scanning for 20462277
Total additional time from lrgemcdbms_hahome_3n 32725
Total additional time from lrgemcitats_dataval_3n 0
Total additional time from lrgemcapms_upgrade_sanity_3n 189417
SKIPPING as /net/slcnas552/export/farm_base_results/EMDICSI_MASTER_LINUX.X64_170718.211016/lrgemcms_uitest_upg_3n/firefox/45.9.0 does not exist.
Total additional time from lrgemaas_client_security_3n 8147
SKIPPING as /net/slcnas552/export/farm_base_results/EMDICSI_MASTER_LINUX.X64_170718.211016/lrgemcsas_e2e_upg_3n/firefox/45.9.0 does not exist.
SKIPPING as /net/slcnas552/export/farm_base_results/EMDICSI_MASTER_LINUX.X64_170718.211016/psr/firefox/45.9.0 does not exist.
Total additional time from lrgemcpdf_test_3n 7792810
Total additional time from lrgemaas_clcm_chainupgrade_3n 248578
Total additional time from lrgemcplcm_apigateway_4n 277561
Total additional time from lrgemaas_datapipeline_3n 8186
Total additional time from lrgemaas_clcm_zdt_6n 274399
Total additional time from lrgemcpdm_uds_3n 8165
SKIPPING as /net/slcnas552/export/farm_base_results/EMDICSI_MASTER_LINUX.X64_170718.211016/lrgemclas_upgrade_3n/firefox/45.9.0 does not exist.
Total additional time from lrgemcapms_synthetic_3n 656801
SKIPPING as /net/slcnas552/export/farm_base_results/EMDICSI_MASTER_LINUX.X64_170718.211016/lrgemcsas_srg_1n/firefox/45.9.0 does not exist.
SKIPPING as /net/slcnas552/export/farm_base_results/EMDICSI_MASTER_LINUX.X64_170718.211016/lrgemaas_clcm_updateall_4n/firefox/45.9.0 does not exist.
Total additional time from lrgemcpwd_workdepot_3n 8156
Total additional time from lrgemcpssf_test_3n 8145
SKIPPING as /net/slcnas552/export/farm_base_results/EMDICSI_MASTER_LINUX.X64_170718.211016/lrgemcpdm_externalapi_s_3n/firefox/45.9.0 does not exist.
Total additional time from lrgemaas_custom_deploy_5n 270339
Total additional time from lrgemaas_itcs_assessments_3n 138758
SKIPPING as /net/slcnas552/export/farm_base_results/EMDICSI_MASTER_LINUX.X64_170718.211016/lrgemctas_sharedcomp_3n/firefox/45.9.0 does not exist.
Total additional time from lrgemdist_ha_upgrade_6n 35168
Total additional time from lrgemcpsm_serv_mgr_3n 8126
SKIPPING as /net/slcnas552/export/farm_base_results/EMDICSI_MASTER_LINUX.X64_170718.211016/lrgemcpsrvs_tenant_mgmt_3n/firefox/45.9.0 does not exist.
SKIPPING as /net/slcnas552/export/farm_base_results/EMDICSI_MASTER_LINUX.X64_170718.211016/.sonar/firefox/45.9.0 does not exist.
SKIPPING as /net/slcnas552/export/farm_base_results/EMDICSI_MASTER_LINUX.X64_170718.211016/.lrgemcpdf_allsrg_3n_1/firefox/45.9.0 does not exist.
SKIPPING as /net/slcnas552/export/farm_base_results/EMDICSI_MASTER_LINUX.X64_170718.211016/lrgemctas_uisrg_3n/firefox/45.9.0 does not exist.
Total additional time from lrgemcitats_allsrg_3n 2065491
Total additional time from lrgemaas_small_agent_3n 248438
SKIPPING as /net/slcnas552/export/farm_base_results/EMDICSI_MASTER_LINUX.X64_170718.211016/lrgemcplcm_goldimage_6n/firefox/45.9.0 does not exist.
Total additional time from lrgemaas_system_monitor_4n 49142
Total additional time from lrgemaas_small_upgrade_3n 271367
SKIPPING as /net/slcnas552/export/farm_base_results/EMDICSI_MASTER_LINUX.X64_170718.211016/lrgemcpdm_freshinstall_s_3n/firefox/45.9.0 does not exist.
SKIPPING as /net/slcnas552/export/farm_base_results/EMDICSI_MASTER_LINUX.X64_170718.211016/lrgemclas_end2end_3n/firefox/45.9.0 does not exist.
Total additional time from lrgemcapms_ui_webdriver_3n 633604
Total additional time from lrgemcbdas_platformclient_3n 8191
Total additional time from lrgemcdbms_mon_3n 8194
Total additional time from lrgemcdbms_homefleet_3n 598438
Total additional time from lrgemcpsf_auth_3n 8173
Total additional time from lrgemcpevms_rest_services_3n 8157
Total additional time from lrgemcpdf_allsrg_3n 504519
Total additional time from lrgemcapms_ui_integ_3n 705764
Total additional time from lrgemcos_stage_end2end_3n 110186
