Checking if the /scratch/skgupta/git_storage/INTEGRATION exists.
Deleting /scratch/skgupta/git_storage/INTEGRATION.
	Cloning emcpdm: cd /scratch/skgupta/git_storage/INTEGRATION; git clone git@orahub.oraclecorp.com:emaas/emcpdm.git /scratch/skgupta/git_storage/INTEGRATION/emcpdm
Initialized empty Git repository in /scratch/skgupta/git_storage/INTEGRATION/emcpdm/.git/
:buildSrc:compileJava UP-TO-DATE
:buildSrc:compileGroovy UP-TO-DATE
:buildSrc:processResources UP-TO-DATE
:buildSrc:classes UP-TO-DATE
:buildSrc:jar UP-TO-DATE
:buildSrc:assemble UP-TO-DATE
:buildSrc:compileTestJava UP-TO-DATE
:buildSrc:compileTestGroovy UP-TO-DATE
:buildSrc:processTestResources UP-TO-DATE
:buildSrc:testClasses UP-TO-DATE
:buildSrc:test UP-TO-DATE
:buildSrc:check UP-TO-DATE
:buildSrc:build UP-TO-DATE
:clean
:compileJava UP-TO-DATE
:compileGroovy UP-TO-DATE
:processResources UP-TO-DATE
:classes UP-TO-DATE
:jar
:assemble
:check
:build

BUILD SUCCESSFUL

Total time: 1.564 secs
Running testinfra 117.1+ on emcpdm
	cd /scratch/skgupta/git_storage/INTEGRATION/emcpdm; smpfarm -pipeline COMPONENT -config ORG_GRADLE_PROJECT_testinfraVersion=117.1+ -desc 'emcpdm-117.1+'
smpfarm 1.3.280
Copyright (c) 2006, 2015, Oracle and/or its affiliates. All rights reserved.

> /ade_autofs/ade_infra/GRADLE_1.11_GENERIC.rdd/LATEST/gradle/bin/gradle -q --refresh-dependencies -Ppipeline=COMPONENT -Ppipelineoutput=/tmp/lrgs2run_18419.lst print_ALL_LRGS

FAILURE: Build failed with an exception.

* What went wrong:
A problem occurred configuring root project 'emcpdm'.
> Could not resolve all dependencies for configuration ':classpath'.
   > Could not resolve org.springframework.boot:spring-boot-dependency-tools:1.1.5.RELEASE.
     Required by:
         :emcpdm:1.0 > org.akhikhl.gretty:gretty:1.1.2
      > Could not parse POM http://artifactory.oraclecorp.com/artifactory/emaas-virtual/org/springframework/boot/spring-boot-dependency-tools/1.1.5.RELEASE/spring-boot-dependency-tools-1.1.5.RELEASE.pom
         > Could not resolve org.springframework.boot:spring-boot-tools:1.1.5.RELEASE.
            > Could not parse POM http://artifactory.oraclecorp.com/artifactory/emaas-virtual/org/springframework/boot/spring-boot-tools/1.1.5.RELEASE/spring-boot-tools-1.1.5.RELEASE.pom
               > Could not resolve org.springframework.boot:spring-boot-parent:1.1.5.RELEASE.
                  > Could not parse POM http://artifactory.oraclecorp.com/artifactory/emaas-virtual/org/springframework/boot/spring-boot-parent/1.1.5.RELEASE/spring-boot-parent-1.1.5.RELEASE.pom
                     > Could not resolve org.springframework.boot:spring-boot-dependencies:1.1.5.RELEASE.
                        > Could not parse POM http://artifactory.oraclecorp.com/artifactory/emaas-virtual/org/springframework/boot/spring-boot-dependencies/1.1.5.RELEASE/spring-boot-dependencies-1.1.5.RELEASE.pom
                           > Could not find any version that matches org.springframework:spring-framework-bom:4.0.6.RELEASE.

* Try:
Run with --stacktrace option to get the stack trace. Run with --info or --debug option to get more log output.
Task timings:

No LRG found for pipeline : COMPONENT

No SRGs/LRGs were requested; skipping farm job submission ...
	Cloning emcapms: cd /scratch/skgupta/git_storage/INTEGRATION; git clone git@orahub.oraclecorp.com:emaas/emcapms.git /scratch/skgupta/git_storage/INTEGRATION/emcapms
Initialized empty Git repository in /scratch/skgupta/git_storage/INTEGRATION/emcapms/.git/
:buildSrc:compileJava UP-TO-DATE
:buildSrc:compileGroovy UP-TO-DATE
:buildSrc:processResources UP-TO-DATE
:buildSrc:classes UP-TO-DATE
:buildSrc:jar UP-TO-DATE
:buildSrc:assemble UP-TO-DATE
:buildSrc:compileTestJava UP-TO-DATE
:buildSrc:compileTestGroovy UP-TO-DATE
:buildSrc:processTestResources UP-TO-DATE
:buildSrc:testClasses UP-TO-DATE
:buildSrc:test UP-TO-DATE
:buildSrc:check UP-TO-DATE
:buildSrc:build UP-TO-DATE
:clean
:compileJava UP-TO-DATE
:compileGroovy UP-TO-DATE
:processResources UP-TO-DATE
:classes UP-TO-DATE
:jar
:assemble
:check
:build

BUILD SUCCESSFUL

Total time: 1.79 secs
Running testinfra 117.1+ on emcapms
	cd /scratch/skgupta/git_storage/INTEGRATION/emcapms; smpfarm -pipeline COMPONENT -config ORG_GRADLE_PROJECT_testinfraVersion=117.1+ -desc 'emcapms-117.1+'
smpfarm 1.3.280
Copyright (c) 2006, 2015, Oracle and/or its affiliates. All rights reserved.

> /ade_autofs/ade_infra/GRADLE_1.11_GENERIC.rdd/LATEST/gradle/bin/gradle -q --refresh-dependencies -Ppipeline=COMPONENT -Ppipelineoutput=/tmp/lrgs2run_18760.lst print_ALL_LRGS
Note: /scratch/skgupta/git_storage/INTEGRATION/emcapms/buildSrc/src/main/java/oracle/apmaas/buildtools/RuntimeExec.java uses unchecked or unsafe operations.
Note: Recompile with -Xlint:unchecked for details.

FAILURE: Build failed with an exception.

* Where:
Build file '/scratch/skgupta/git_storage/INTEGRATION/emcapms/build.gradle' line: 627

* What went wrong:
A problem occurred evaluating root project 'emcapms'.
> Could not find property 'lrgMetadataZip' on root project 'emcapms'.

* Try:
Run with --stacktrace option to get the stack trace. Run with --info or --debug option to get more log output.

No LRG found for pipeline : COMPONENT

No SRGs/LRGs were requested; skipping farm job submission ...
